\BOOKMARK [1][-]{section.1}{1. Introduction}{}% 1
\BOOKMARK [0][-]{part.1}{Part 1. Mathematical Theory}{}% 2
\BOOKMARK [1][-]{section.2}{2. Problem Statement}{part.1}% 3
\BOOKMARK [1][-]{section.3}{3. Conditions}{part.1}% 4
\BOOKMARK [2][-]{subsection.3.1}{3.1. Boundary Conditions}{section.3}% 5
\BOOKMARK [2][-]{subsection.3.2}{3.2. Initial Conditions}{section.3}% 6
\BOOKMARK [1][-]{section.4}{4. Variational Formulation}{part.1}% 7
\BOOKMARK [1][-]{section.5}{5. Spacial Discretization}{part.1}% 8
\BOOKMARK [1][-]{section.6}{6. Temporal Discretization}{part.1}% 9
\BOOKMARK [2][-]{subsection.6.1}{6.1. Forward Euler Method}{section.6}% 10
\BOOKMARK [2][-]{subsection.6.2}{6.2. Backward Euler Method}{section.6}% 11
\BOOKMARK [2][-]{subsection.6.3}{6.3. Crank-Nicolson}{section.6}% 12
\BOOKMARK [0][-]{part.2}{Part 2. Mathematical Implementation}{}% 13
\BOOKMARK [1][-]{section.7}{7. Localization}{part.2}% 14
\BOOKMARK [2][-]{subsection.7.1}{7.1. Master Space}{section.7}% 15
\BOOKMARK [2][-]{subsection.7.2}{7.2. Local Basis}{section.7}% 16
\BOOKMARK [2][-]{subsection.7.3}{7.3. Global Basis}{section.7}% 17
\BOOKMARK [2][-]{subsection.7.4}{7.4. Local System}{section.7}% 18
\BOOKMARK [1][-]{section.8}{8. Mesh Generation}{part.2}% 19
\BOOKMARK [2][-]{subsection.8.1}{8.1. Delaunay Triangulation}{section.8}% 20
\BOOKMARK [2][-]{subsection.8.2}{8.2. Constrained Delaunay Triangulation}{section.8}% 21
\BOOKMARK [2][-]{subsection.8.3}{8.3. Mesh Refinement}{section.8}% 22
\BOOKMARK [1][-]{section.9}{9. Assembly of the Global System}{part.2}% 23
\BOOKMARK [1][-]{section.10}{10. Imposing Boundary Conditions}{part.2}% 24
\BOOKMARK [1][-]{section.11}{11. Linear Systems}{part.2}% 25
\BOOKMARK [2][-]{subsection.11.1}{11.1. Krylov Subspace}{section.11}% 26
\BOOKMARK [1][-]{section.12}{12. Construction of the Approximation}{part.2}% 27
\BOOKMARK [1][-]{section.13}{13. Temporal Iterations}{part.2}% 28
\BOOKMARK [0][-]{part.3}{Part 3. Computational}{}% 29
\BOOKMARK [1][-]{section.14}{14. Mesh Generation}{part.3}% 30
\BOOKMARK [2][-]{subsection.14.1}{14.1. Edge Flipping}{section.14}% 31
\BOOKMARK [2][-]{subsection.14.2}{14.2. Mesh Refinement}{section.14}% 32
\BOOKMARK [2][-]{subsection.14.3}{14.3. Implementation}{section.14}% 33
\BOOKMARK [1][-]{section.15}{15. Matrix Representation}{part.3}% 34
\BOOKMARK [1][-]{section.16}{16. Incremental Construction}{part.3}% 35
\BOOKMARK [1][-]{section.17}{17. Numeric Approximations}{part.3}% 36
\BOOKMARK [2][-]{subsection.17.1}{17.1. Local Basis Differentiation}{section.17}% 37
\BOOKMARK [2][-]{subsection.17.2}{17.2. Differentiation}{section.17}% 38
\BOOKMARK [2][-]{subsection.17.3}{17.3. Integration}{section.17}% 39
\BOOKMARK [1][-]{section.18}{18. Solving Linear Systems of Equations}{part.3}% 40
\BOOKMARK [2][-]{subsection.18.1}{18.1. Stationary Iterative Methods}{section.18}% 41
\BOOKMARK [2][-]{subsection.18.2}{18.2. Nonstationary Iterative Methods}{section.18}% 42
\BOOKMARK [2][-]{subsection.18.3}{18.3. Cholesky Method}{section.18}% 43
\BOOKMARK [2][-]{subsection.18.4}{18.4. Issues}{section.18}% 44
\BOOKMARK [1][-]{section.19}{19. Plotting}{part.3}% 45
\BOOKMARK [0][-]{part.4}{Part 4. Results}{}% 46
\BOOKMARK [1][-]{section.20}{20. Introduction}{part.4}% 47
\BOOKMARK [1][-]{section.21}{21. Problem}{part.4}% 48
\BOOKMARK [2][-]{subsection.21.1}{21.1. Setup}{section.21}% 49
\BOOKMARK [2][-]{subsection.21.2}{21.2. Problem Statement}{section.21}% 50
\BOOKMARK [2][-]{subsection.21.3}{21.3. Analytical}{section.21}% 51
\BOOKMARK [2][-]{subsection.21.4}{21.4. Implementation}{section.21}% 52
\BOOKMARK [2][-]{subsection.21.5}{21.5. Unit Square}{section.21}% 53
\BOOKMARK [2][-]{subsection.21.6}{21.6. Unit Disk}{section.21}% 54
\BOOKMARK [1][-]{section.22}{22. Conclusion}{part.4}% 55
\BOOKMARK [1][-]{section*.26}{References}{part.4}% 56
\BOOKMARK [1][-]{section*.27}{Appendices}{part.4}% 57
\BOOKMARK [1][-]{Appendix.a.A}{A. Gaussian Quadrature Rule}{part.4}% 58
\BOOKMARK [1][-]{Appendix.a.B}{B. Example Source Code}{part.4}% 59
\BOOKMARK [2][-]{subsection.a.B.1}{B.1. Unit Square}{Appendix.a.B}% 60
\BOOKMARK [2][-]{subsection.a.B.2}{B.2. Unit Disk}{Appendix.a.B}% 61
